[2024-11-12T15:31:39.416+0000] {manager.py:483} INFO - Processing files using up to 2 processes at a time 
[2024-11-12T15:31:39.417+0000] {manager.py:484} INFO - Process each file at most once every 30 seconds
[2024-11-12T15:31:39.418+0000] {manager.py:485} INFO - Checking for new files in /app/airflow/dags every 300 seconds
[2024-11-12T15:31:39.419+0000] {manager.py:821} INFO - Searching for files in /app/airflow/dags
[2024-11-12T15:31:39.424+0000] {manager.py:824} INFO - There are 1 files in /app/airflow/dags
[2024-11-12T15:31:39.521+0000] {manager.py:997} INFO - 
================================================================================
DAG File Processing Stats

File Path                            PID  Runtime      # DAGs    # Errors  Last Runtime    Last Run      Last # of DB Queries
---------------------------------  -----  ---------  --------  ----------  --------------  ----------  ----------------------
/app/airflow/dags/big_data_dag.py    149  0.04s             0           0                                                   0
================================================================================
[2024-11-12T15:32:09.737+0000] {manager.py:997} INFO - 
================================================================================
DAG File Processing Stats

File Path                          PID    Runtime      # DAGs    # Errors  Last Runtime    Last Run               Last # of DB Queries
---------------------------------  -----  ---------  --------  ----------  --------------  -------------------  ----------------------
/app/airflow/dags/big_data_dag.py                           1           0  4.39s           2024-11-12T15:31:43                      34
================================================================================
[2024-11-12T15:32:39.971+0000] {manager.py:997} INFO - 
================================================================================
DAG File Processing Stats

File Path                          PID    Runtime      # DAGs    # Errors  Last Runtime    Last Run               Last # of DB Queries
---------------------------------  -----  ---------  --------  ----------  --------------  -------------------  ----------------------
/app/airflow/dags/big_data_dag.py                           1           0  0.94s           2024-11-12T15:32:15                      12
================================================================================
[2024-11-12T15:33:10.484+0000] {manager.py:997} INFO - 
================================================================================
DAG File Processing Stats

File Path                          PID    Runtime      # DAGs    # Errors  Last Runtime    Last Run               Last # of DB Queries
---------------------------------  -----  ---------  --------  ----------  --------------  -------------------  ----------------------
/app/airflow/dags/big_data_dag.py                           1           0  1.04s           2024-11-12T15:32:46                      12
================================================================================
[2024-11-12T15:33:40.668+0000] {manager.py:997} INFO - 
================================================================================
DAG File Processing Stats

File Path                          PID    Runtime      # DAGs    # Errors  Last Runtime    Last Run               Last # of DB Queries
---------------------------------  -----  ---------  --------  ----------  --------------  -------------------  ----------------------
/app/airflow/dags/big_data_dag.py                           1           0  0.95s           2024-11-12T15:33:17                      12
================================================================================
[2024-11-12T15:34:10.844+0000] {manager.py:997} INFO - 
================================================================================
DAG File Processing Stats

File Path                          PID    Runtime      # DAGs    # Errors  Last Runtime    Last Run               Last # of DB Queries
---------------------------------  -----  ---------  --------  ----------  --------------  -------------------  ----------------------
/app/airflow/dags/big_data_dag.py                           1           0  0.94s           2024-11-12T15:33:48                      12
================================================================================
[2024-11-12T15:34:21.072+0000] {manager.py:465} INFO - Exiting gracefully upon receiving signal 15
[2024-11-12T15:35:08.454+0000] {manager.py:483} INFO - Processing files using up to 2 processes at a time 
[2024-11-12T15:35:08.455+0000] {manager.py:484} INFO - Process each file at most once every 30 seconds
[2024-11-12T15:35:08.456+0000] {manager.py:485} INFO - Checking for new files in /app/airflow/dags every 300 seconds
[2024-11-12T15:35:08.456+0000] {manager.py:821} INFO - Searching for files in /app/airflow/dags
[2024-11-12T15:35:08.476+0000] {manager.py:824} INFO - There are 1 files in /app/airflow/dags
[2024-11-12T15:35:08.594+0000] {manager.py:997} INFO - 
================================================================================
DAG File Processing Stats

File Path                            PID  Runtime      # DAGs    # Errors  Last Runtime    Last Run      Last # of DB Queries
---------------------------------  -----  ---------  --------  ----------  --------------  ----------  ----------------------
/app/airflow/dags/big_data_dag.py    149  0.03s             0           0                                                   0
================================================================================
[2024-11-12T15:35:38.605+0000] {manager.py:997} INFO - 
================================================================================
DAG File Processing Stats

File Path                          PID    Runtime      # DAGs    # Errors  Last Runtime    Last Run               Last # of DB Queries
---------------------------------  -----  ---------  --------  ----------  --------------  -------------------  ----------------------
/app/airflow/dags/big_data_dag.py                           1           0  3.85s           2024-11-12T15:35:12                      12
================================================================================
[2024-11-12T15:36:08.871+0000] {manager.py:997} INFO - 
================================================================================
DAG File Processing Stats

File Path                          PID    Runtime      # DAGs    # Errors  Last Runtime    Last Run               Last # of DB Queries
---------------------------------  -----  ---------  --------  ----------  --------------  -------------------  ----------------------
/app/airflow/dags/big_data_dag.py                           1           0  1.15s           2024-11-12T15:35:43                      12
================================================================================
[2024-11-12T15:36:39.067+0000] {manager.py:997} INFO - 
================================================================================
DAG File Processing Stats

File Path                          PID    Runtime      # DAGs    # Errors  Last Runtime    Last Run               Last # of DB Queries
---------------------------------  -----  ---------  --------  ----------  --------------  -------------------  ----------------------
/app/airflow/dags/big_data_dag.py                           1           0  0.96s           2024-11-12T15:36:14                      12
================================================================================
[2024-11-12T15:37:09.183+0000] {manager.py:997} INFO - 
================================================================================
DAG File Processing Stats

File Path                          PID    Runtime      # DAGs    # Errors  Last Runtime    Last Run               Last # of DB Queries
---------------------------------  -----  ---------  --------  ----------  --------------  -------------------  ----------------------
/app/airflow/dags/big_data_dag.py                           1           0  0.88s           2024-11-12T15:36:45                      12
================================================================================
[2024-11-12T15:37:39.260+0000] {manager.py:997} INFO - 
================================================================================
DAG File Processing Stats

File Path                          PID    Runtime      # DAGs    # Errors  Last Runtime    Last Run               Last # of DB Queries
---------------------------------  -----  ---------  --------  ----------  --------------  -------------------  ----------------------
/app/airflow/dags/big_data_dag.py                           1           0  0.85s           2024-11-12T15:37:17                      12
================================================================================
[2024-11-12T15:38:09.265+0000] {manager.py:997} INFO - 
================================================================================
DAG File Processing Stats

File Path                          PID    Runtime      # DAGs    # Errors  Last Runtime    Last Run               Last # of DB Queries
---------------------------------  -----  ---------  --------  ----------  --------------  -------------------  ----------------------
/app/airflow/dags/big_data_dag.py                           1           0  1.78s           2024-11-12T15:37:49                      12
================================================================================
[2024-11-12T15:38:39.342+0000] {manager.py:997} INFO - 
================================================================================
DAG File Processing Stats

File Path                          PID    Runtime      # DAGs    # Errors  Last Runtime    Last Run               Last # of DB Queries
---------------------------------  -----  ---------  --------  ----------  --------------  -------------------  ----------------------
/app/airflow/dags/big_data_dag.py                           1           0  0.86s           2024-11-12T15:38:20                      12
================================================================================
[2024-11-12T15:39:09.570+0000] {manager.py:997} INFO - 
================================================================================
DAG File Processing Stats

File Path                          PID    Runtime      # DAGs    # Errors  Last Runtime    Last Run               Last # of DB Queries
---------------------------------  -----  ---------  --------  ----------  --------------  -------------------  ----------------------
/app/airflow/dags/big_data_dag.py                           1           0  0.87s           2024-11-12T15:38:51                      12
================================================================================
[2024-11-12T15:39:39.800+0000] {manager.py:997} INFO - 
================================================================================
DAG File Processing Stats

File Path                          PID    Runtime      # DAGs    # Errors  Last Runtime    Last Run               Last # of DB Queries
---------------------------------  -----  ---------  --------  ----------  --------------  -------------------  ----------------------
/app/airflow/dags/big_data_dag.py                           1           0  0.86s           2024-11-12T15:39:22                      12
================================================================================
[2024-11-12T15:40:08.471+0000] {manager.py:821} INFO - Searching for files in /app/airflow/dags
[2024-11-12T15:40:08.486+0000] {manager.py:824} INFO - There are 1 files in /app/airflow/dags
[2024-11-12T15:40:10.025+0000] {manager.py:997} INFO - 
================================================================================
DAG File Processing Stats

File Path                          PID    Runtime      # DAGs    # Errors  Last Runtime    Last Run               Last # of DB Queries
---------------------------------  -----  ---------  --------  ----------  --------------  -------------------  ----------------------
/app/airflow/dags/big_data_dag.py                           1           0  0.94s           2024-11-12T15:39:53                      12
================================================================================
[2024-11-12T15:40:40.247+0000] {manager.py:997} INFO - 
================================================================================
DAG File Processing Stats

File Path                          PID    Runtime      # DAGs    # Errors  Last Runtime    Last Run               Last # of DB Queries
---------------------------------  -----  ---------  --------  ----------  --------------  -------------------  ----------------------
/app/airflow/dags/big_data_dag.py                           1           0  1.00s           2024-11-12T15:40:24                      12
================================================================================
[2024-11-12T15:41:10.481+0000] {manager.py:997} INFO - 
================================================================================
DAG File Processing Stats

File Path                          PID    Runtime      # DAGs    # Errors  Last Runtime    Last Run               Last # of DB Queries
---------------------------------  -----  ---------  --------  ----------  --------------  -------------------  ----------------------
/app/airflow/dags/big_data_dag.py                           1           0  0.99s           2024-11-12T15:40:55                      12
================================================================================
[2024-11-12T15:41:40.711+0000] {manager.py:997} INFO - 
================================================================================
DAG File Processing Stats

File Path                          PID    Runtime      # DAGs    # Errors  Last Runtime    Last Run               Last # of DB Queries
---------------------------------  -----  ---------  --------  ----------  --------------  -------------------  ----------------------
/app/airflow/dags/big_data_dag.py                           1           0  0.92s           2024-11-12T15:41:26                      12
================================================================================
[2024-11-12T15:42:10.939+0000] {manager.py:997} INFO - 
================================================================================
DAG File Processing Stats

File Path                          PID    Runtime      # DAGs    # Errors  Last Runtime    Last Run               Last # of DB Queries
---------------------------------  -----  ---------  --------  ----------  --------------  -------------------  ----------------------
/app/airflow/dags/big_data_dag.py                           1           0  0.93s           2024-11-12T15:41:58                      12
================================================================================
[2024-11-12T15:42:41.168+0000] {manager.py:997} INFO - 
================================================================================
DAG File Processing Stats

File Path                          PID    Runtime      # DAGs    # Errors  Last Runtime    Last Run               Last # of DB Queries
---------------------------------  -----  ---------  --------  ----------  --------------  -------------------  ----------------------
/app/airflow/dags/big_data_dag.py                           1           0  1.01s           2024-11-12T15:42:29                      12
================================================================================
[2024-11-12T15:43:04.829+0000] {manager.py:465} INFO - Exiting gracefully upon receiving signal 15
