[2024-11-12T15:31:39.519+0000] {processor.py:186} INFO - Started process (PID=149) to work on /app/airflow/dags/big_data_dag.py
[2024-11-12T15:31:39.521+0000] {processor.py:914} INFO - Processing file /app/airflow/dags/big_data_dag.py for tasks to queue
[2024-11-12T15:31:39.524+0000] {logging_mixin.py:190} INFO - [2024-11-12T15:31:39.523+0000] {dagbag.py:588} INFO - Filling up the DagBag from /app/airflow/dags/big_data_dag.py
[2024-11-12T15:31:43.479+0000] {processor.py:925} INFO - DAG(s) 'big_data_pipeline' retrieved from /app/airflow/dags/big_data_dag.py
[2024-11-12T15:31:43.788+0000] {logging_mixin.py:190} INFO - [2024-11-12T15:31:43.787+0000] {dag.py:3239} INFO - Sync 1 DAGs
[2024-11-12T15:31:43.826+0000] {logging_mixin.py:190} INFO - [2024-11-12T15:31:43.825+0000] {dag.py:4180} INFO - Setting next_dagrun for big_data_pipeline to 2024-11-07 00:00:00+00:00, run_after=2024-11-08 00:00:00+00:00
[2024-11-12T15:31:43.849+0000] {processor.py:208} INFO - Processing /app/airflow/dags/big_data_dag.py took 4.341 seconds
[2024-11-12T15:32:14.135+0000] {processor.py:186} INFO - Started process (PID=159) to work on /app/airflow/dags/big_data_dag.py
[2024-11-12T15:32:14.137+0000] {processor.py:914} INFO - Processing file /app/airflow/dags/big_data_dag.py for tasks to queue
[2024-11-12T15:32:14.140+0000] {logging_mixin.py:190} INFO - [2024-11-12T15:32:14.139+0000] {dagbag.py:588} INFO - Filling up the DagBag from /app/airflow/dags/big_data_dag.py
[2024-11-12T15:32:14.963+0000] {processor.py:925} INFO - DAG(s) 'big_data_pipeline' retrieved from /app/airflow/dags/big_data_dag.py
[2024-11-12T15:32:14.987+0000] {logging_mixin.py:190} INFO - [2024-11-12T15:32:14.987+0000] {dag.py:3239} INFO - Sync 1 DAGs
[2024-11-12T15:32:15.014+0000] {logging_mixin.py:190} INFO - [2024-11-12T15:32:15.014+0000] {dag.py:4180} INFO - Setting next_dagrun for big_data_pipeline to 2024-11-07 00:00:00+00:00, run_after=2024-11-08 00:00:00+00:00
[2024-11-12T15:32:15.032+0000] {processor.py:208} INFO - Processing /app/airflow/dags/big_data_dag.py took 0.910 seconds
[2024-11-12T15:32:45.309+0000] {processor.py:186} INFO - Started process (PID=168) to work on /app/airflow/dags/big_data_dag.py
[2024-11-12T15:32:45.310+0000] {processor.py:914} INFO - Processing file /app/airflow/dags/big_data_dag.py for tasks to queue
[2024-11-12T15:32:45.312+0000] {logging_mixin.py:190} INFO - [2024-11-12T15:32:45.312+0000] {dagbag.py:588} INFO - Filling up the DagBag from /app/airflow/dags/big_data_dag.py
[2024-11-12T15:32:46.200+0000] {processor.py:925} INFO - DAG(s) 'big_data_pipeline' retrieved from /app/airflow/dags/big_data_dag.py
[2024-11-12T15:32:46.240+0000] {logging_mixin.py:190} INFO - [2024-11-12T15:32:46.240+0000] {dag.py:3239} INFO - Sync 1 DAGs
[2024-11-12T15:32:46.274+0000] {logging_mixin.py:190} INFO - [2024-11-12T15:32:46.274+0000] {dag.py:4180} INFO - Setting next_dagrun for big_data_pipeline to 2024-11-07 00:00:00+00:00, run_after=2024-11-08 00:00:00+00:00
[2024-11-12T15:32:46.297+0000] {processor.py:208} INFO - Processing /app/airflow/dags/big_data_dag.py took 0.997 seconds
[2024-11-12T15:33:16.563+0000] {processor.py:186} INFO - Started process (PID=177) to work on /app/airflow/dags/big_data_dag.py
[2024-11-12T15:33:16.565+0000] {processor.py:914} INFO - Processing file /app/airflow/dags/big_data_dag.py for tasks to queue
[2024-11-12T15:33:16.569+0000] {logging_mixin.py:190} INFO - [2024-11-12T15:33:16.568+0000] {dagbag.py:588} INFO - Filling up the DagBag from /app/airflow/dags/big_data_dag.py
[2024-11-12T15:33:17.361+0000] {processor.py:925} INFO - DAG(s) 'big_data_pipeline' retrieved from /app/airflow/dags/big_data_dag.py
[2024-11-12T15:33:17.391+0000] {logging_mixin.py:190} INFO - [2024-11-12T15:33:17.391+0000] {dag.py:3239} INFO - Sync 1 DAGs
[2024-11-12T15:33:17.419+0000] {logging_mixin.py:190} INFO - [2024-11-12T15:33:17.418+0000] {dag.py:4180} INFO - Setting next_dagrun for big_data_pipeline to 2024-11-07 00:00:00+00:00, run_after=2024-11-08 00:00:00+00:00
[2024-11-12T15:33:17.443+0000] {processor.py:208} INFO - Processing /app/airflow/dags/big_data_dag.py took 0.895 seconds
[2024-11-12T15:33:47.748+0000] {processor.py:186} INFO - Started process (PID=186) to work on /app/airflow/dags/big_data_dag.py
[2024-11-12T15:33:47.749+0000] {processor.py:914} INFO - Processing file /app/airflow/dags/big_data_dag.py for tasks to queue
[2024-11-12T15:33:47.754+0000] {logging_mixin.py:190} INFO - [2024-11-12T15:33:47.753+0000] {dagbag.py:588} INFO - Filling up the DagBag from /app/airflow/dags/big_data_dag.py
[2024-11-12T15:33:48.579+0000] {processor.py:925} INFO - DAG(s) 'big_data_pipeline' retrieved from /app/airflow/dags/big_data_dag.py
[2024-11-12T15:33:48.601+0000] {logging_mixin.py:190} INFO - [2024-11-12T15:33:48.601+0000] {dag.py:3239} INFO - Sync 1 DAGs
[2024-11-12T15:33:48.626+0000] {logging_mixin.py:190} INFO - [2024-11-12T15:33:48.625+0000] {dag.py:4180} INFO - Setting next_dagrun for big_data_pipeline to 2024-11-07 00:00:00+00:00, run_after=2024-11-08 00:00:00+00:00
[2024-11-12T15:33:48.645+0000] {processor.py:208} INFO - Processing /app/airflow/dags/big_data_dag.py took 0.914 seconds
[2024-11-12T15:34:18.938+0000] {processor.py:186} INFO - Started process (PID=195) to work on /app/airflow/dags/big_data_dag.py
[2024-11-12T15:34:18.944+0000] {processor.py:914} INFO - Processing file /app/airflow/dags/big_data_dag.py for tasks to queue
[2024-11-12T15:34:18.948+0000] {logging_mixin.py:190} INFO - [2024-11-12T15:34:18.947+0000] {dagbag.py:588} INFO - Filling up the DagBag from /app/airflow/dags/big_data_dag.py
[2024-11-12T15:34:19.734+0000] {processor.py:925} INFO - DAG(s) 'big_data_pipeline' retrieved from /app/airflow/dags/big_data_dag.py
[2024-11-12T15:34:19.757+0000] {logging_mixin.py:190} INFO - [2024-11-12T15:34:19.756+0000] {dag.py:3239} INFO - Sync 1 DAGs
[2024-11-12T15:34:19.783+0000] {logging_mixin.py:190} INFO - [2024-11-12T15:34:19.782+0000] {dag.py:4180} INFO - Setting next_dagrun for big_data_pipeline to 2024-11-07 00:00:00+00:00, run_after=2024-11-08 00:00:00+00:00
[2024-11-12T15:34:19.813+0000] {processor.py:208} INFO - Processing /app/airflow/dags/big_data_dag.py took 0.885 seconds
[2024-11-12T15:35:08.590+0000] {processor.py:186} INFO - Started process (PID=149) to work on /app/airflow/dags/big_data_dag.py
[2024-11-12T15:35:08.592+0000] {processor.py:914} INFO - Processing file /app/airflow/dags/big_data_dag.py for tasks to queue
[2024-11-12T15:35:08.594+0000] {logging_mixin.py:190} INFO - [2024-11-12T15:35:08.594+0000] {dagbag.py:588} INFO - Filling up the DagBag from /app/airflow/dags/big_data_dag.py
[2024-11-12T15:35:12.282+0000] {processor.py:925} INFO - DAG(s) 'big_data_pipeline' retrieved from /app/airflow/dags/big_data_dag.py
[2024-11-12T15:35:12.334+0000] {logging_mixin.py:190} INFO - [2024-11-12T15:35:12.334+0000] {dag.py:3239} INFO - Sync 1 DAGs
[2024-11-12T15:35:12.369+0000] {logging_mixin.py:190} INFO - [2024-11-12T15:35:12.369+0000] {dag.py:4180} INFO - Setting next_dagrun for big_data_pipeline to 2024-11-07 00:00:00+00:00, run_after=2024-11-08 00:00:00+00:00
[2024-11-12T15:35:12.396+0000] {processor.py:208} INFO - Processing /app/airflow/dags/big_data_dag.py took 3.815 seconds
[2024-11-12T15:35:42.659+0000] {processor.py:186} INFO - Started process (PID=159) to work on /app/airflow/dags/big_data_dag.py
[2024-11-12T15:35:42.661+0000] {processor.py:914} INFO - Processing file /app/airflow/dags/big_data_dag.py for tasks to queue
[2024-11-12T15:35:42.663+0000] {logging_mixin.py:190} INFO - [2024-11-12T15:35:42.663+0000] {dagbag.py:588} INFO - Filling up the DagBag from /app/airflow/dags/big_data_dag.py
[2024-11-12T15:35:43.684+0000] {processor.py:925} INFO - DAG(s) 'big_data_pipeline' retrieved from /app/airflow/dags/big_data_dag.py
[2024-11-12T15:35:43.716+0000] {logging_mixin.py:190} INFO - [2024-11-12T15:35:43.715+0000] {dag.py:3239} INFO - Sync 1 DAGs
[2024-11-12T15:35:43.746+0000] {logging_mixin.py:190} INFO - [2024-11-12T15:35:43.746+0000] {dag.py:4180} INFO - Setting next_dagrun for big_data_pipeline to 2024-11-07 00:00:00+00:00, run_after=2024-11-08 00:00:00+00:00
[2024-11-12T15:35:43.771+0000] {processor.py:208} INFO - Processing /app/airflow/dags/big_data_dag.py took 1.118 seconds
[2024-11-12T15:36:13.938+0000] {processor.py:186} INFO - Started process (PID=168) to work on /app/airflow/dags/big_data_dag.py
[2024-11-12T15:36:13.945+0000] {processor.py:914} INFO - Processing file /app/airflow/dags/big_data_dag.py for tasks to queue
[2024-11-12T15:36:13.947+0000] {logging_mixin.py:190} INFO - [2024-11-12T15:36:13.947+0000] {dagbag.py:588} INFO - Filling up the DagBag from /app/airflow/dags/big_data_dag.py
[2024-11-12T15:36:14.786+0000] {processor.py:925} INFO - DAG(s) 'big_data_pipeline' retrieved from /app/airflow/dags/big_data_dag.py
[2024-11-12T15:36:14.811+0000] {logging_mixin.py:190} INFO - [2024-11-12T15:36:14.810+0000] {dag.py:3239} INFO - Sync 1 DAGs
[2024-11-12T15:36:14.837+0000] {logging_mixin.py:190} INFO - [2024-11-12T15:36:14.837+0000] {dag.py:4180} INFO - Setting next_dagrun for big_data_pipeline to 2024-11-07 00:00:00+00:00, run_after=2024-11-08 00:00:00+00:00
[2024-11-12T15:36:14.860+0000] {processor.py:208} INFO - Processing /app/airflow/dags/big_data_dag.py took 0.931 seconds
[2024-11-12T15:36:45.129+0000] {processor.py:186} INFO - Started process (PID=177) to work on /app/airflow/dags/big_data_dag.py
[2024-11-12T15:36:45.138+0000] {processor.py:914} INFO - Processing file /app/airflow/dags/big_data_dag.py for tasks to queue
[2024-11-12T15:36:45.141+0000] {logging_mixin.py:190} INFO - [2024-11-12T15:36:45.140+0000] {dagbag.py:588} INFO - Filling up the DagBag from /app/airflow/dags/big_data_dag.py
[2024-11-12T15:36:45.903+0000] {processor.py:925} INFO - DAG(s) 'big_data_pipeline' retrieved from /app/airflow/dags/big_data_dag.py
[2024-11-12T15:36:45.928+0000] {logging_mixin.py:190} INFO - [2024-11-12T15:36:45.927+0000] {dag.py:3239} INFO - Sync 1 DAGs
[2024-11-12T15:36:45.952+0000] {logging_mixin.py:190} INFO - [2024-11-12T15:36:45.952+0000] {dag.py:4180} INFO - Setting next_dagrun for big_data_pipeline to 2024-11-07 00:00:00+00:00, run_after=2024-11-08 00:00:00+00:00
[2024-11-12T15:36:45.978+0000] {processor.py:208} INFO - Processing /app/airflow/dags/big_data_dag.py took 0.858 seconds
[2024-11-12T15:37:16.260+0000] {processor.py:186} INFO - Started process (PID=186) to work on /app/airflow/dags/big_data_dag.py
[2024-11-12T15:37:16.264+0000] {processor.py:914} INFO - Processing file /app/airflow/dags/big_data_dag.py for tasks to queue
[2024-11-12T15:37:16.268+0000] {logging_mixin.py:190} INFO - [2024-11-12T15:37:16.267+0000] {dagbag.py:588} INFO - Filling up the DagBag from /app/airflow/dags/big_data_dag.py
[2024-11-12T15:37:16.999+0000] {processor.py:925} INFO - DAG(s) 'big_data_pipeline' retrieved from /app/airflow/dags/big_data_dag.py
[2024-11-12T15:37:17.024+0000] {logging_mixin.py:190} INFO - [2024-11-12T15:37:17.023+0000] {dag.py:3239} INFO - Sync 1 DAGs
[2024-11-12T15:37:17.048+0000] {logging_mixin.py:190} INFO - [2024-11-12T15:37:17.047+0000] {dag.py:4180} INFO - Setting next_dagrun for big_data_pipeline to 2024-11-07 00:00:00+00:00, run_after=2024-11-08 00:00:00+00:00
[2024-11-12T15:37:17.069+0000] {processor.py:208} INFO - Processing /app/airflow/dags/big_data_dag.py took 0.817 seconds
[2024-11-12T15:37:47.361+0000] {processor.py:186} INFO - Started process (PID=195) to work on /app/airflow/dags/big_data_dag.py
[2024-11-12T15:37:47.362+0000] {processor.py:914} INFO - Processing file /app/airflow/dags/big_data_dag.py for tasks to queue
[2024-11-12T15:37:47.367+0000] {logging_mixin.py:190} INFO - [2024-11-12T15:37:47.365+0000] {dagbag.py:588} INFO - Filling up the DagBag from /app/airflow/dags/big_data_dag.py
[2024-11-12T15:37:48.905+0000] {processor.py:925} INFO - DAG(s) 'big_data_pipeline' retrieved from /app/airflow/dags/big_data_dag.py
[2024-11-12T15:37:48.986+0000] {logging_mixin.py:190} INFO - [2024-11-12T15:37:48.985+0000] {dag.py:3239} INFO - Sync 1 DAGs
[2024-11-12T15:37:49.032+0000] {logging_mixin.py:190} INFO - [2024-11-12T15:37:49.032+0000] {dag.py:4180} INFO - Setting next_dagrun for big_data_pipeline to 2024-11-07 00:00:00+00:00, run_after=2024-11-08 00:00:00+00:00
[2024-11-12T15:37:49.073+0000] {processor.py:208} INFO - Processing /app/airflow/dags/big_data_dag.py took 1.725 seconds
[2024-11-12T15:38:19.356+0000] {processor.py:186} INFO - Started process (PID=204) to work on /app/airflow/dags/big_data_dag.py
[2024-11-12T15:38:19.363+0000] {processor.py:914} INFO - Processing file /app/airflow/dags/big_data_dag.py for tasks to queue
[2024-11-12T15:38:19.365+0000] {logging_mixin.py:190} INFO - [2024-11-12T15:38:19.365+0000] {dagbag.py:588} INFO - Filling up the DagBag from /app/airflow/dags/big_data_dag.py
[2024-11-12T15:38:20.110+0000] {processor.py:925} INFO - DAG(s) 'big_data_pipeline' retrieved from /app/airflow/dags/big_data_dag.py
[2024-11-12T15:38:20.135+0000] {logging_mixin.py:190} INFO - [2024-11-12T15:38:20.134+0000] {dag.py:3239} INFO - Sync 1 DAGs
[2024-11-12T15:38:20.166+0000] {logging_mixin.py:190} INFO - [2024-11-12T15:38:20.166+0000] {dag.py:4180} INFO - Setting next_dagrun for big_data_pipeline to 2024-11-07 00:00:00+00:00, run_after=2024-11-08 00:00:00+00:00
[2024-11-12T15:38:20.185+0000] {processor.py:208} INFO - Processing /app/airflow/dags/big_data_dag.py took 0.838 seconds
[2024-11-12T15:38:50.249+0000] {processor.py:186} INFO - Started process (PID=213) to work on /app/airflow/dags/big_data_dag.py
[2024-11-12T15:38:50.257+0000] {processor.py:914} INFO - Processing file /app/airflow/dags/big_data_dag.py for tasks to queue
[2024-11-12T15:38:50.260+0000] {logging_mixin.py:190} INFO - [2024-11-12T15:38:50.260+0000] {dagbag.py:588} INFO - Filling up the DagBag from /app/airflow/dags/big_data_dag.py
[2024-11-12T15:38:51.006+0000] {processor.py:925} INFO - DAG(s) 'big_data_pipeline' retrieved from /app/airflow/dags/big_data_dag.py
[2024-11-12T15:38:51.028+0000] {logging_mixin.py:190} INFO - [2024-11-12T15:38:51.028+0000] {dag.py:3239} INFO - Sync 1 DAGs
[2024-11-12T15:38:51.053+0000] {logging_mixin.py:190} INFO - [2024-11-12T15:38:51.053+0000] {dag.py:4180} INFO - Setting next_dagrun for big_data_pipeline to 2024-11-07 00:00:00+00:00, run_after=2024-11-08 00:00:00+00:00
[2024-11-12T15:38:51.076+0000] {processor.py:208} INFO - Processing /app/airflow/dags/big_data_dag.py took 0.836 seconds
[2024-11-12T15:39:21.354+0000] {processor.py:186} INFO - Started process (PID=222) to work on /app/airflow/dags/big_data_dag.py
[2024-11-12T15:39:21.356+0000] {processor.py:914} INFO - Processing file /app/airflow/dags/big_data_dag.py for tasks to queue
[2024-11-12T15:39:21.359+0000] {logging_mixin.py:190} INFO - [2024-11-12T15:39:21.358+0000] {dagbag.py:588} INFO - Filling up the DagBag from /app/airflow/dags/big_data_dag.py
[2024-11-12T15:39:22.103+0000] {processor.py:925} INFO - DAG(s) 'big_data_pipeline' retrieved from /app/airflow/dags/big_data_dag.py
[2024-11-12T15:39:22.126+0000] {logging_mixin.py:190} INFO - [2024-11-12T15:39:22.126+0000] {dag.py:3239} INFO - Sync 1 DAGs
[2024-11-12T15:39:22.153+0000] {logging_mixin.py:190} INFO - [2024-11-12T15:39:22.152+0000] {dag.py:4180} INFO - Setting next_dagrun for big_data_pipeline to 2024-11-07 00:00:00+00:00, run_after=2024-11-08 00:00:00+00:00
[2024-11-12T15:39:22.178+0000] {processor.py:208} INFO - Processing /app/airflow/dags/big_data_dag.py took 0.833 seconds
[2024-11-12T15:39:52.450+0000] {processor.py:186} INFO - Started process (PID=231) to work on /app/airflow/dags/big_data_dag.py
[2024-11-12T15:39:52.452+0000] {processor.py:914} INFO - Processing file /app/airflow/dags/big_data_dag.py for tasks to queue
[2024-11-12T15:39:52.455+0000] {logging_mixin.py:190} INFO - [2024-11-12T15:39:52.454+0000] {dagbag.py:588} INFO - Filling up the DagBag from /app/airflow/dags/big_data_dag.py
[2024-11-12T15:39:53.263+0000] {processor.py:925} INFO - DAG(s) 'big_data_pipeline' retrieved from /app/airflow/dags/big_data_dag.py
[2024-11-12T15:39:53.296+0000] {logging_mixin.py:190} INFO - [2024-11-12T15:39:53.295+0000] {dag.py:3239} INFO - Sync 1 DAGs
[2024-11-12T15:39:53.329+0000] {logging_mixin.py:190} INFO - [2024-11-12T15:39:53.328+0000] {dag.py:4180} INFO - Setting next_dagrun for big_data_pipeline to 2024-11-07 00:00:00+00:00, run_after=2024-11-08 00:00:00+00:00
[2024-11-12T15:39:53.352+0000] {processor.py:208} INFO - Processing /app/airflow/dags/big_data_dag.py took 0.911 seconds
[2024-11-12T15:40:23.633+0000] {processor.py:186} INFO - Started process (PID=240) to work on /app/airflow/dags/big_data_dag.py
[2024-11-12T15:40:23.635+0000] {processor.py:914} INFO - Processing file /app/airflow/dags/big_data_dag.py for tasks to queue
[2024-11-12T15:40:23.638+0000] {logging_mixin.py:190} INFO - [2024-11-12T15:40:23.637+0000] {dagbag.py:588} INFO - Filling up the DagBag from /app/airflow/dags/big_data_dag.py
[2024-11-12T15:40:24.521+0000] {processor.py:925} INFO - DAG(s) 'big_data_pipeline' retrieved from /app/airflow/dags/big_data_dag.py
[2024-11-12T15:40:24.547+0000] {logging_mixin.py:190} INFO - [2024-11-12T15:40:24.547+0000] {dag.py:3239} INFO - Sync 1 DAGs
[2024-11-12T15:40:24.573+0000] {logging_mixin.py:190} INFO - [2024-11-12T15:40:24.573+0000] {dag.py:4180} INFO - Setting next_dagrun for big_data_pipeline to 2024-11-07 00:00:00+00:00, run_after=2024-11-08 00:00:00+00:00
[2024-11-12T15:40:24.597+0000] {processor.py:208} INFO - Processing /app/airflow/dags/big_data_dag.py took 0.970 seconds
[2024-11-12T15:40:54.863+0000] {processor.py:186} INFO - Started process (PID=249) to work on /app/airflow/dags/big_data_dag.py
[2024-11-12T15:40:54.871+0000] {processor.py:914} INFO - Processing file /app/airflow/dags/big_data_dag.py for tasks to queue
[2024-11-12T15:40:54.875+0000] {logging_mixin.py:190} INFO - [2024-11-12T15:40:54.874+0000] {dagbag.py:588} INFO - Filling up the DagBag from /app/airflow/dags/big_data_dag.py
[2024-11-12T15:40:55.738+0000] {processor.py:925} INFO - DAG(s) 'big_data_pipeline' retrieved from /app/airflow/dags/big_data_dag.py
[2024-11-12T15:40:55.761+0000] {logging_mixin.py:190} INFO - [2024-11-12T15:40:55.760+0000] {dag.py:3239} INFO - Sync 1 DAGs
[2024-11-12T15:40:55.784+0000] {logging_mixin.py:190} INFO - [2024-11-12T15:40:55.784+0000] {dag.py:4180} INFO - Setting next_dagrun for big_data_pipeline to 2024-11-07 00:00:00+00:00, run_after=2024-11-08 00:00:00+00:00
[2024-11-12T15:40:55.807+0000] {processor.py:208} INFO - Processing /app/airflow/dags/big_data_dag.py took 0.957 seconds
[2024-11-12T15:41:26.081+0000] {processor.py:186} INFO - Started process (PID=258) to work on /app/airflow/dags/big_data_dag.py
[2024-11-12T15:41:26.089+0000] {processor.py:914} INFO - Processing file /app/airflow/dags/big_data_dag.py for tasks to queue
[2024-11-12T15:41:26.092+0000] {logging_mixin.py:190} INFO - [2024-11-12T15:41:26.092+0000] {dagbag.py:588} INFO - Filling up the DagBag from /app/airflow/dags/big_data_dag.py
[2024-11-12T15:41:26.875+0000] {processor.py:925} INFO - DAG(s) 'big_data_pipeline' retrieved from /app/airflow/dags/big_data_dag.py
[2024-11-12T15:41:26.900+0000] {logging_mixin.py:190} INFO - [2024-11-12T15:41:26.899+0000] {dag.py:3239} INFO - Sync 1 DAGs
[2024-11-12T15:41:26.927+0000] {logging_mixin.py:190} INFO - [2024-11-12T15:41:26.926+0000] {dag.py:4180} INFO - Setting next_dagrun for big_data_pipeline to 2024-11-07 00:00:00+00:00, run_after=2024-11-08 00:00:00+00:00
[2024-11-12T15:41:26.959+0000] {processor.py:208} INFO - Processing /app/airflow/dags/big_data_dag.py took 0.887 seconds
[2024-11-12T15:41:57.217+0000] {processor.py:186} INFO - Started process (PID=267) to work on /app/airflow/dags/big_data_dag.py
[2024-11-12T15:41:57.219+0000] {processor.py:914} INFO - Processing file /app/airflow/dags/big_data_dag.py for tasks to queue
[2024-11-12T15:41:57.222+0000] {logging_mixin.py:190} INFO - [2024-11-12T15:41:57.222+0000] {dagbag.py:588} INFO - Filling up the DagBag from /app/airflow/dags/big_data_dag.py
[2024-11-12T15:41:58.021+0000] {processor.py:925} INFO - DAG(s) 'big_data_pipeline' retrieved from /app/airflow/dags/big_data_dag.py
[2024-11-12T15:41:58.050+0000] {logging_mixin.py:190} INFO - [2024-11-12T15:41:58.049+0000] {dag.py:3239} INFO - Sync 1 DAGs
[2024-11-12T15:41:58.084+0000] {logging_mixin.py:190} INFO - [2024-11-12T15:41:58.084+0000] {dag.py:4180} INFO - Setting next_dagrun for big_data_pipeline to 2024-11-07 00:00:00+00:00, run_after=2024-11-08 00:00:00+00:00
[2024-11-12T15:41:58.107+0000] {processor.py:208} INFO - Processing /app/airflow/dags/big_data_dag.py took 0.899 seconds
[2024-11-12T15:42:28.355+0000] {processor.py:186} INFO - Started process (PID=276) to work on /app/airflow/dags/big_data_dag.py
[2024-11-12T15:42:28.356+0000] {processor.py:914} INFO - Processing file /app/airflow/dags/big_data_dag.py for tasks to queue
[2024-11-12T15:42:28.359+0000] {logging_mixin.py:190} INFO - [2024-11-12T15:42:28.358+0000] {dagbag.py:588} INFO - Filling up the DagBag from /app/airflow/dags/big_data_dag.py
[2024-11-12T15:42:29.243+0000] {processor.py:925} INFO - DAG(s) 'big_data_pipeline' retrieved from /app/airflow/dags/big_data_dag.py
[2024-11-12T15:42:29.277+0000] {logging_mixin.py:190} INFO - [2024-11-12T15:42:29.276+0000] {dag.py:3239} INFO - Sync 1 DAGs
[2024-11-12T15:42:29.310+0000] {logging_mixin.py:190} INFO - [2024-11-12T15:42:29.310+0000] {dag.py:4180} INFO - Setting next_dagrun for big_data_pipeline to 2024-11-07 00:00:00+00:00, run_after=2024-11-08 00:00:00+00:00
[2024-11-12T15:42:29.330+0000] {processor.py:208} INFO - Processing /app/airflow/dags/big_data_dag.py took 0.982 seconds
[2024-11-12T15:42:59.585+0000] {processor.py:186} INFO - Started process (PID=285) to work on /app/airflow/dags/big_data_dag.py
[2024-11-12T15:42:59.586+0000] {processor.py:914} INFO - Processing file /app/airflow/dags/big_data_dag.py for tasks to queue
[2024-11-12T15:42:59.589+0000] {logging_mixin.py:190} INFO - [2024-11-12T15:42:59.589+0000] {dagbag.py:588} INFO - Filling up the DagBag from /app/airflow/dags/big_data_dag.py
[2024-11-12T15:43:00.375+0000] {processor.py:925} INFO - DAG(s) 'big_data_pipeline' retrieved from /app/airflow/dags/big_data_dag.py
[2024-11-12T15:43:00.401+0000] {logging_mixin.py:190} INFO - [2024-11-12T15:43:00.400+0000] {dag.py:3239} INFO - Sync 1 DAGs
[2024-11-12T15:43:00.457+0000] {logging_mixin.py:190} INFO - [2024-11-12T15:43:00.456+0000] {dag.py:4180} INFO - Setting next_dagrun for big_data_pipeline to 2024-11-07 00:00:00+00:00, run_after=2024-11-08 00:00:00+00:00
[2024-11-12T15:43:00.488+0000] {processor.py:208} INFO - Processing /app/airflow/dags/big_data_dag.py took 0.912 seconds
